#
# A fatal error has been detected by the Java Runtime Environment:
#
#  EXCEPTION_ACCESS_VIOLATION (0xc0000005) at pc=0x0000000051f08f45, pid=11548, tid=5632
#
# JRE version: Java(TM) SE Runtime Environment (8.0_91-b14) (build 1.8.0_91-b14)
# Java VM: Java HotSpot(TM) 64-Bit Server VM (25.91-b14 mixed mode windows-amd64 compressed oops)
# Problematic frame:
# V  [jvm.dll+0x128f45]
#
# Failed to write core dump. Minidumps are not enabled by default on client versions of Windows
#
# If you would like to submit a bug report, please visit:
#   http://bugreport.java.com/bugreport/crash.jsp
#

---------------  T H R E A D  ---------------

Current thread (0x0000000017330000):  JavaThread "JDWP Transport Listener: dt_socket" daemon [_thread_in_vm, id=5632, stack(0x0000000019320000,0x0000000019420000)]

siginfo: ExceptionCode=0xc0000005, reading address 0xffffffffffffffff

Registers:
RAX=0x000000001941f401, RBX=0x0000000017330000, RCX=0x3b003b003b726f74, RDX=0x0000000000000000
RSP=0x000000001941f420, RBP=0x3b003b003b726f74, RSI=0x000000001941f538, RDI=0x0000000002668120
R8 =0x0000000017330000, R9 =0x0000000000008000, R10=0x0000000000000000, R11=0x000000001941f705
R12=0x0000000000000000, R13=0x00000000173308e8, R14=0x0000000000000000, R15=0x0000000000000000
RIP=0x0000000051f08f45, EFLAGS=0x0000000000010206

Top of Stack: (sp=0x000000001941f420)
0x000000001941f420:   0000000017330000 0000000017330000
0x000000001941f430:   000000001941f4e8 000000005210f32b
0x000000001941f440:   0000000017330000 000000005212bb8d
0x000000001941f450:   0000000000000000 0000000051c59155
0x000000001941f460:   000000001732d9f8 0000000051c6291e
0x000000001941f470:   0000000017330000 0000000000000000
0x000000001941f480:   0000000000000000 0000000000000000
0x000000001941f490:   3b003b003b726f74 0000000051c61a15
0x000000001941f4a0:   000000001941f538 000000001941f510
0x000000001941f4b0:   0000000000000001 000000001732d9f8
0x000000001941f4c0:   3b003b003b726f74 0000000051c453b3
0x000000001941f4d0:   000000001941f600 0000000000000001
0x000000001941f4e0:   0000000000000001 000000001732d9f8
0x000000001941f4f0:   0000000000000009 0000000000000000
0x000000001941f500:   0000000000000000 0000000000000000
0x000000001941f510:   0000000000000001 0000000051c45571 

Instructions: (pc=0x0000000051f08f45)
0x0000000051f08f25:   cc cc cc cc cc cc cc cc cc cc cc 48 83 ec 28 48
0x0000000051f08f35:   85 c9 75 07 33 c0 48 83 c4 28 c3 48 89 5c 24 20
0x0000000051f08f45:   48 8b 19 48 85 db 74 20 48 83 fb 37 74 1a 48 8b
0x0000000051f08f55:   13 48 8b cb ff 52 10 84 c0 74 0d 48 8b c3 48 8b 


Register to memory mapping:

RAX=0x000000001941f401 is pointing into the stack for thread: 0x0000000017330000
RBX=0x0000000017330000 is a thread
RCX=0x3b003b003b726f74 is an unknown value
RDX=0x0000000000000000 is an unknown value
RSP=0x000000001941f420 is pointing into the stack for thread: 0x0000000017330000
RBP=0x3b003b003b726f74 is an unknown value
RSI=0x000000001941f538 is pointing into the stack for thread: 0x0000000017330000
RDI=0x0000000002668120 is an unknown value
R8 =0x0000000017330000 is a thread
R9 =0x0000000000008000 is an unknown value
R10=0x0000000000000000 is an unknown value
R11=0x000000001941f705 is pointing into the stack for thread: 0x0000000017330000
R12=0x0000000000000000 is an unknown value
R13=0x00000000173308e8 is an unknown value
R14=0x0000000000000000 is an unknown value
R15=0x0000000000000000 is an unknown value


Stack: [0x0000000019320000,0x0000000019420000],  sp=0x000000001941f420,  free space=1021k
Native frames: (J=compiled Java code, j=interpreted, Vv=VM code, C=native code)
V  [jvm.dll+0x128f45]
V  [jvm.dll+0x34bb8d]
C  [jdwp.dll+0x21a15]
C  [jdwp.dll+0x53b3]
C  [jdwp.dll+0x5571]
C  [jdwp.dll+0xf0a8]
C  [jdwp.dll+0x1f2d5]
C  [jdwp.dll+0x1f4aa]
V  [jvm.dll+0x1bbf38]
V  [jvm.dll+0x243ae4]
V  [jvm.dll+0x29a99a]
C  [msvcr100.dll+0x21d9f]
C  [msvcr100.dll+0x21e3b]
C  [KERNEL32.DLL+0x8364]
C  [ntdll.dll+0x670d1]


---------------  P R O C E S S  ---------------

Java Threads: ( => current thread )
  0x0000000018718000 JavaThread "Service Thread" daemon [_thread_blocked, id=2032, stack(0x0000000019920000,0x0000000019a20000)]
  0x00000000186fc000 JavaThread "C1 CompilerThread2" daemon [_thread_blocked, id=5196, stack(0x0000000019820000,0x0000000019920000)]
  0x0000000017353000 JavaThread "C2 CompilerThread1" daemon [_thread_blocked, id=13856, stack(0x0000000019720000,0x0000000019820000)]
  0x000000001734f800 JavaThread "C2 CompilerThread0" daemon [_thread_blocked, id=3040, stack(0x0000000019620000,0x0000000019720000)]
  0x0000000017344000 JavaThread "JDWP Command Reader" daemon [_thread_in_native, id=5756, stack(0x0000000019520000,0x0000000019620000)]
  0x000000001733c800 JavaThread "JDWP Event Helper Thread" daemon [_thread_blocked, id=12648, stack(0x0000000019420000,0x0000000019520000)]
=>0x0000000017330000 JavaThread "JDWP Transport Listener: dt_socket" daemon [_thread_in_vm, id=5632, stack(0x0000000019320000,0x0000000019420000)]
  0x00000000186b3000 JavaThread "Attach Listener" daemon [_thread_blocked, id=14616, stack(0x0000000018b70000,0x0000000018c70000)]
  0x00000000186b2800 JavaThread "Signal Dispatcher" daemon [_thread_blocked, id=7044, stack(0x0000000018a70000,0x0000000018b70000)]
  0x00000000172fa800 JavaThread "Finalizer" daemon [_thread_blocked, id=7180, stack(0x0000000018570000,0x0000000018670000)]
  0x00000000172d9000 JavaThread "Reference Handler" daemon [_thread_blocked, id=8392, stack(0x0000000018470000,0x0000000018570000)]
  0x0000000002672800 JavaThread "main" [_thread_blocked, id=12132, stack(0x00000000024d0000,0x00000000025d0000)]

Other Threads:
  0x00000000172d7800 VMThread [stack: 0x0000000018370000,0x0000000018470000] [id=14864]
  0x000000001878e000 WatcherThread [stack: 0x0000000019a20000,0x0000000019b20000] [id=6788]

VM state:not at safepoint (normal execution)

VM Mutex/Monitor currently owned by a thread: None

Heap:
 PSYoungGen      total 38400K, used 2662K [0x00000000d5a00000, 0x00000000d8480000, 0x0000000100000000)
  eden space 33280K, 8% used [0x00000000d5a00000,0x00000000d5c99a08,0x00000000d7a80000)
  from space 5120K, 0% used [0x00000000d7f80000,0x00000000d7f80000,0x00000000d8480000)
  to   space 5120K, 0% used [0x00000000d7a80000,0x00000000d7a80000,0x00000000d7f80000)
 ParOldGen       total 87552K, used 0K [0x0000000080e00000, 0x0000000086380000, 0x00000000d5a00000)
  object space 87552K, 0% used [0x0000000080e00000,0x0000000080e00000,0x0000000086380000)
 Metaspace       used 2609K, capacity 4494K, committed 4864K, reserved 1056768K
  class space    used 286K, capacity 386K, committed 512K, reserved 1048576K

Card table byte_map: [0x0000000011b30000,0x0000000011f30000] byte_map_base: 0x0000000011729000

Marking Bits: (ParMarkBitMap*) 0x00000000525f2f70
 Begin Bits: [0x00000000125e0000, 0x00000000145a8000)
 End Bits:   [0x00000000145a8000, 0x0000000016570000)

Polling page: 0x0000000000950000

CodeCache: size=245760Kb used=1101Kb max_used=1101Kb free=244659Kb
 bounds [0x0000000002770000, 0x00000000029e0000, 0x0000000011770000]
 total_blobs=253 nmethods=27 adapters=148
 compilation: enabled

Compilation events (10 events):
Event: 0.111 Thread 0x00000000186fc000   23       3       java.lang.String::getChars (62 bytes)
Event: 0.111 Thread 0x00000000186fc000 nmethod 23 0x0000000002880dd0 code [0x0000000002880fa0, 0x0000000002881458]
Event: 0.111 Thread 0x00000000186fc000   24  s    3       java.lang.StringBuffer::append (13 bytes)
Event: 0.112 Thread 0x00000000186fc000 nmethod 24 0x0000000002881710 code [0x00000000028818a0, 0x0000000002881da8]
Event: 0.112 Thread 0x00000000186fc000   25       3       java.lang.String::indexOf (7 bytes)
Event: 0.112 Thread 0x00000000186fc000 nmethod 25 0x0000000002882010 code [0x0000000002882180, 0x00000000028823a8]
Event: 0.112 Thread 0x00000000186fc000   26       3       java.lang.AbstractStringBuilder::append (50 bytes)
Event: 0.112 Thread 0x00000000186fc000 nmethod 26 0x0000000002882450 code [0x00000000028825e0, 0x0000000002882ae8]
Event: 0.116 Thread 0x00000000186fc000   27       3       java.lang.System::getSecurityManager (4 bytes)
Event: 0.116 Thread 0x00000000186fc000 nmethod 27 0x00000000028834d0 code [0x0000000002883620, 0x0000000002883750]

GC Heap History (0 events):
No events

Deoptimization events (0 events):
No events

Internal exceptions (2 events):
Event: 0.028 Thread 0x0000000002672800 Exception <a 'java/lang/NoSuchMethodError': Method sun.misc.Unsafe.defineClass(Ljava/lang/String;[BII)Ljava/lang/Class; name or signature does not match> (0x00000000d5a07cc0) thrown at [C:\re\workspace\8-2-build-windows-amd64-cygwin\jdk8u91\6644\hotspot\srÔ≤ïÁù?
Event: 0.028 Thread 0x0000000002672800 Exception <a 'java/lang/NoSuchMethodError': Method sun.misc.Unsafe.prefetchRead(Ljava/lang/Object;J)V name or signature does not match> (0x00000000d5a07fa8) thrown at [C:\re\workspace\8-2-build-windows-amd64-cygwin\jdk8u91\6644\hotspot\src\share\vm\prims\j

Events (10 events):
Event: 158.292 Executing VM operation: GetCurrentLocation
Event: 158.292 Executing VM operation: GetCurrentLocation done
Event: 158.292 Executing VM operation: EnterInterpOnlyMode
Event: 158.292 Executing VM operation: EnterInterpOnlyMode done
Event: 158.292 Executing VM operation: ChangeSingleStep
Event: 158.292 Executing VM operation: ChangeSingleStep done
Event: 158.292 Executing VM operation: ChangeSingleStep
Event: 158.292 Executing VM operation: ChangeSingleStep done
Event: 158.298 Executing VM operation: RedefineClasses
Event: 158.299 Executing VM operation: RedefineClasses done


Dynamic libraries:
0x00007ff61fd20000 - 0x00007ff61fd57000 	C:\Java\jre1.8.0_91\bin\javaw.exe
0x00007fff67990000 - 0x00007fff67b61000 	C:\WINDOWS\SYSTEM32\ntdll.dll
0x00007fff650f0000 - 0x00007fff6519b000 	C:\WINDOWS\System32\KERNEL32.DLL
0x00007fff64180000 - 0x00007fff6439d000 	C:\WINDOWS\System32\KERNELBASE.dll
0x00007fff66010000 - 0x00007fff660b2000 	C:\WINDOWS\System32\ADVAPI32.dll
0x00007fff662c0000 - 0x00007fff6635e000 	C:\WINDOWS\System32\msvcrt.dll
0x00007fff655d0000 - 0x00007fff65629000 	C:\WINDOWS\System32\sechost.dll
0x00007fff65ed0000 - 0x00007fff65ff1000 	C:\WINDOWS\System32\RPCRT4.dll
0x00007fff64f20000 - 0x00007fff65085000 	C:\WINDOWS\System32\USER32.dll
0x00007fff63ee0000 - 0x00007fff63efe000 	C:\WINDOWS\System32\win32u.dll
0x00007fff66360000 - 0x00007fff66394000 	C:\WINDOWS\System32\GDI32.dll
0x00007fff64d90000 - 0x00007fff64f12000 	C:\WINDOWS\System32\gdi32full.dll
0x00007fff57a60000 - 0x00007fff57cda000 	C:\WINDOWS\WinSxS\amd64_microsoft.windows.common-controls_6595b64144ccf1df_6.0.14393.953_none_42151e83c686086b\COMCTL32.dll
0x00007fff65730000 - 0x00007fff659f8000 	C:\WINDOWS\System32\combase.dll
0x00007fff643a0000 - 0x00007fff64495000 	C:\WINDOWS\System32\ucrtbase.dll
0x00007fff64d20000 - 0x00007fff64d8a000 	C:\WINDOWS\System32\bcryptPrimitives.dll
0x00007fff678c0000 - 0x00007fff678ee000 	C:\WINDOWS\System32\IMM32.DLL
0x0000000051c80000 - 0x0000000051d52000 	C:\Java\jre1.8.0_91\bin\msvcr100.dll
0x0000000051de0000 - 0x0000000052673000 	C:\Java\jre1.8.0_91\bin\server\jvm.dll
0x00007fff66000000 - 0x00007fff66008000 	C:\WINDOWS\System32\PSAPI.DLL
0x00007fff62320000 - 0x00007fff62343000 	C:\WINDOWS\SYSTEM32\WINMM.dll
0x00007fff4e6f0000 - 0x00007fff4e6f9000 	C:\WINDOWS\SYSTEM32\WSOCK32.dll
0x00007fff65a80000 - 0x00007fff65aea000 	C:\WINDOWS\System32\WS2_32.dll
0x00007fff5e7e0000 - 0x00007fff5e7ea000 	C:\WINDOWS\SYSTEM32\VERSION.dll
0x00007fff622c0000 - 0x00007fff622eb000 	C:\WINDOWS\SYSTEM32\WINMMBASE.dll
0x00007fff644a0000 - 0x00007fff644e2000 	C:\WINDOWS\System32\cfgmgr32.dll
0x0000000052aa0000 - 0x0000000052aaf000 	C:\Java\jre1.8.0_91\bin\verify.dll
0x0000000052a70000 - 0x0000000052a99000 	C:\Java\jre1.8.0_91\bin\java.dll
0x0000000051c40000 - 0x0000000051c75000 	C:\Java\jre1.8.0_91\bin\jdwp.dll
0x0000000052a20000 - 0x0000000052a28000 	C:\Java\jre1.8.0_91\bin\npt.dll
0x0000000052a50000 - 0x0000000052a66000 	C:\Java\jre1.8.0_91\bin\zip.dll
0x00007fff663a0000 - 0x00007fff678a9000 	C:\WINDOWS\System32\SHELL32.dll
0x00007fff64640000 - 0x00007fff64d1a000 	C:\WINDOWS\System32\windows.storage.dll
0x00007fff63e10000 - 0x00007fff63e5c000 	C:\WINDOWS\System32\powrprof.dll
0x00007fff65a00000 - 0x00007fff65a52000 	C:\WINDOWS\System32\shlwapi.dll
0x00007fff63e00000 - 0x00007fff63e0f000 	C:\WINDOWS\System32\kernel.appcore.dll
0x00007fff640d0000 - 0x00007fff64179000 	C:\WINDOWS\System32\shcore.dll
0x00007fff63e60000 - 0x00007fff63e74000 	C:\WINDOWS\System32\profapi.dll
0x0000000051c30000 - 0x0000000051c39000 	C:\Java\jre1.8.0_91\bin\dt_socket.dll
0x00007fff57a10000 - 0x00007fff57a26000 	C:\WINDOWS\system32\napinsp.dll
0x00007fff57a30000 - 0x00007fff57a4a000 	C:\WINDOWS\system32\pnrpnsp.dll
0x00007fff620b0000 - 0x00007fff620c8000 	C:\WINDOWS\system32\NLAapi.dll
0x00007fff63720000 - 0x00007fff6377c000 	C:\WINDOWS\System32\mswsock.dll
0x00007fff634e0000 - 0x00007fff63581000 	C:\WINDOWS\SYSTEM32\DNSAPI.dll
0x00007fff678b0000 - 0x00007fff678b8000 	C:\WINDOWS\System32\NSI.dll
0x00007fff634a0000 - 0x00007fff634d8000 	C:\WINDOWS\SYSTEM32\IPHLPAPI.DLL
0x00007fff57a50000 - 0x00007fff57a5e000 	C:\WINDOWS\System32\winrnr.dll
0x0000000180000000 - 0x000000018003a000 	C:\WINDOWS\system32\XLaccLSP64.dll
0x00007fff5e030000 - 0x00007fff5e09a000 	C:\WINDOWS\System32\fwpuclnt.dll
0x00007fff639d0000 - 0x00007fff639fb000 	C:\WINDOWS\SYSTEM32\bcrypt.dll
0x00007fff5b850000 - 0x00007fff5b85a000 	C:\Windows\System32\rasadhlp.dll
0x00007fff5aea0000 - 0x00007fff5b032000 	C:\WINDOWS\SYSTEM32\dbghelp.dll

VM Arguments:
jvm_args: -agentlib:jdwp=transport=dt_socket,suspend=y,address=localhost:53954 -Dfile.encoding=GBK 
java_command: com.zhangnu.dp.strategy.Test
java_class_path (initial): E:\EJavaProjects\Strategy\bin
Launcher Type: SUN_STANDARD

Environment Variables:
PATH=C:/Java/jre1.8.0_91/bin/server;C:/Java/jre1.8.0_91/bin;C:/Java/jre1.8.0_91/lib/amd64;C:\Users\Leon\AppData\Local\SogouExplorer;C:\ProgramData\Oracle\Java\javapath;C:\Windows\system32;C:\Windows;C:\Windows\System32\Wbem;C:\Windows\System32\WindowsPowerShell\v1.0\;C:\Program Files (x86)\NVIDIA Corporation\PhysX\Common;%SystemRoot%\system32;%SystemRoot%;%SystemRoot%\System32\Wbem;%SYSTEMROOT%\System32\WindowsPowerShell\v1.0\;C:\Program Files\IDM Computer Solutions\UltraEdit;C:\Program Files (x86)\Common Files\Seagate\SnapAPI\;C:\Android;C:\Users\Leon\AppData\Local\Microsoft\WindowsApps;;C:\Users\Leon\AppData\Local\SogouExplorer;
USERNAME=Leo
OS=Windows_NT
PROCESSOR_IDENTIFIER=Intel64 Family 6 Model 94 Stepping 3, GenuineIntel



---------------  S Y S T E M  ---------------

OS: Windows 10.0 , 64 bit Build 14393 (10.0.14393.0)

CPU:total 4 (4 cores per cpu, 1 threads per core) family 6 model 94 stepping 3, cmov, cx8, fxsr, mmx, sse, sse2, sse3, ssse3, sse4.1, sse4.2, popcnt, avx, avx2, aes, clmul, erms, rtm, 3dnowpref, lzcnt, tsc, tscinvbit, bmi1, bmi2, adx

Memory: 4k page, physical 8325580k(3543116k free), swap 10198680k(2801488k free)

vm_info: Java HotSpot(TM) 64-Bit Server VM (25.91-b14) for windows-amd64 JRE (1.8.0_91-b14), built on Apr  1 2016 00:58:32 by "java_re" with MS VC++ 10.0 (VS2010)

time: Sun Mar 19 17:49:16 2017
elapsed time: 158 seconds (0d 0h 2m 38s)

